<?xml version="1.0" encoding="UTF-8"?>
<testsuite xmlns:xsi="http://www.w3.org/2001/XMLSchema-instance" xsi:noNamespaceSchemaLocation="https://maven.apache.org/surefire/maven-surefire-plugin/xsd/surefire-test-report-3.0.xsd" version="3.0" name="com.eazybytes.springsecuritybasic.EazyBankBackendApplicationTests" time="4.856" tests="1" errors="0" skipped="0" failures="0">
  <properties>
[...]
</properties>
  <testcase name="contextLoads" classname="com.eazybytes.springsecuritybasic.EazyBankBackendApplicationTests" time="1.263">
    <system-out><![CDATA[19:34:12.120 [main] INFO org.springframework.test.context.support.AnnotationConfigContextLoaderUtils -- Could not detect default configuration classes for test class [com.eazybytes.springsecuritybasic.EazyBankBackendApplicationTests]: EazyBankBackendApplicationTests does not declare any static, non-private, non-final, nested classes annotated with @Configuration.
19:34:12.267 [main] INFO org.springframework.boot.test.context.SpringBootTestContextBootstrapper -- Found @SpringBootConfiguration com.eazybytes.EazyBankBackendApplication for test class com.eazybytes.springsecuritybasic.EazyBankBackendApplicationTests

  .   ____          _            __ _ _
 /\\ / ___'_ __ _ _(_)_ __  __ _ \ \ \ \
( ( )\___ | '_ | '_| | '_ \/ _` | \ \ \ \
 \\/  ___)| |_)| | | | | || (_| |  ) ) ) )
  '  |____| .__|_| |_|_| |_\__, | / / / /
 =========|_|==============|___/=/_/_/_/
 :: Spring Boot ::       (v3.2.0-SNAPSHOT)

2023-10-15T19:34:13.028+05:30  INFO 12132 --- [           main] c.e.s.EazyBankBackendApplicationTests    : Starting EazyBankBackendApplicationTests using Java 17 with PID 12132 (started by Admin in E:\resume\springsecurity\springsecuritysection2)
2023-10-15T19:34:13.031+05:30  INFO 12132 --- [           main] c.e.s.EazyBankBackendApplicationTests    : No active profile set, falling back to 1 default profile: "default"
2023-10-15T19:34:15.343+05:30  INFO 12132 --- [           main] o.s.s.web.DefaultSecurityFilterChain     : Will secure any request with [org.springframework.security.web.session.DisableEncodeUrlFilter@1dcedc93, org.springframework.security.web.context.request.async.WebAsyncManagerIntegrationFilter@716185fe, org.springframework.security.web.context.SecurityContextHolderFilter@68b734a8, org.springframework.security.web.header.HeaderWriterFilter@3728a578, org.springframework.web.filter.CorsFilter@628b819d, org.springframework.security.web.csrf.CsrfFilter@3b2e5c0d, org.springframework.security.web.authentication.logout.LogoutFilter@7a8341c1, org.springframework.security.web.authentication.UsernamePasswordAuthenticationFilter@3513c84c, org.springframework.security.web.authentication.ui.DefaultLoginPageGeneratingFilter@2091833, org.springframework.security.web.authentication.ui.DefaultLogoutPageGeneratingFilter@478b0739, org.springframework.security.web.authentication.www.BasicAuthenticationFilter@2349f14d, org.springframework.security.web.savedrequest.RequestCacheAwareFilter@4215e133, org.springframework.security.web.servletapi.SecurityContextHolderAwareRequestFilter@5ccb85d6, org.springframework.security.web.authentication.AnonymousAuthenticationFilter@2cca611f, org.springframework.security.web.access.ExceptionTranslationFilter@43ac0a68, org.springframework.security.web.access.intercept.AuthorizationFilter@1b90fee4]
2023-10-15T19:34:15.430+05:30  INFO 12132 --- [           main] c.e.s.EazyBankBackendApplicationTests    : Started EazyBankBackendApplicationTests in 2.845 seconds (process running for 4.374)
]]></system-out>
  </testcase>
</testsuite>